# JRE version: OpenJDK Runtime Environment AdoptOpenJDK-11.0.11+9 (11.0.11+9) (build 11.0.11+9)
# Java VM: OpenJDK 64-Bit Server VM AdoptOpenJDK-11.0.11+9 (11.0.11+9, mixed mode, tiered, compressed oops, g1 gc, linux-amd64)
Heap:
 garbage-first heap   total 108544K, used 27955K [0x000000008c800000, 0x0000000100000000)
  region size 1024K, 5 young (5120K), 4 survivors (4096K)
 Metaspace       used 74255K, capacity 76371K, committed 76492K, reserved 1116160K
  class space    used 9545K, capacity 10412K, committed 10444K, reserved 1048576K
GC Heap History (20 events):
Event: 3,108 GC heap before
{Heap before GC invocations=6 (full 0):
 garbage-first heap   total 143360K, used 65995K [0x000000008c800000, 0x0000000100000000)
  region size 1024K, 60 young (61440K), 3 survivors (3072K)
 Metaspace       used 24932K, capacity 25592K, committed 25728K, reserved 1071104K
  class space    used 2910K, capacity 3157K, committed 3200K, reserved 1048576K
}
Event: 3,130 GC heap after
{Heap after GC invocations=7 (full 0):
 garbage-first heap   total 143360K, used 11291K [0x000000008c800000, 0x0000000100000000)
  region size 1024K, 5 young (5120K), 5 survivors (5120K)
 Metaspace       used 24932K, capacity 25592K, committed 25728K, reserved 1071104K
  class space    used 2910K, capacity 3157K, committed 3200K, reserved 1048576K
}
Event: 3,678 GC heap before
{Heap before GC invocations=7 (full 0):
 garbage-first heap   total 143360K, used 78875K [0x000000008c800000, 0x0000000100000000)
  region size 1024K, 72 young (73728K), 5 survivors (5120K)
 Metaspace       used 29815K, capacity 30504K, committed 30976K, reserved 1077248K
  class space    used 3458K, capacity 3718K, committed 3840K, reserved 1048576K
}
Event: 3,689 GC heap after
{Heap after GC invocations=8 (full 0):
 garbage-first heap   total 143360K, used 13415K [0x000000008c800000, 0x0000000100000000)
  region size 1024K, 7 young (7168K), 7 survivors (7168K)
 Metaspace       used 29815K, capacity 30504K, committed 30976K, reserved 1077248K
  class space    used 3458K, capacity 3718K, committed 3840K, reserved 1048576K
}
Event: 4,528 GC heap before
{Heap before GC invocations=8 (full 0):
 garbage-first heap   total 143360K, used 64615K [0x000000008c800000, 0x0000000100000000)
  region size 1024K, 58 young (59392K), 7 survivors (7168K)
 Metaspace       used 34836K, capacity 35765K, committed 35840K, reserved 1081344K
  class space    used 4147K, capacity 4473K, committed 4480K, reserved 1048576K
}
Event: 4,544 GC heap after
{Heap after GC invocations=9 (full 0):
 garbage-first heap   total 143360K, used 14930K [0x000000008c800000, 0x0000000100000000)
  region size 1024K, 7 young (7168K), 7 survivors (7168K)
 Metaspace       used 34836K, capacity 35765K, committed 35840K, reserved 1081344K
  class space    used 4147K, capacity 4473K, committed 4480K, reserved 1048576K
}
Event: 5,124 GC heap before
{Heap before GC invocations=10 (full 0):
 garbage-first heap   total 143360K, used 92754K [0x000000008c800000, 0x0000000100000000)
  region size 1024K, 84 young (86016K), 7 survivors (7168K)
 Metaspace       used 39512K, capacity 40646K, committed 40832K, reserved 1085440K
  class space    used 4756K, capacity 5206K, committed 5248K, reserved 1048576K
}
Event: 5,143 GC heap after
{Heap after GC invocations=11 (full 0):
 garbage-first heap   total 193536K, used 17608K [0x000000008c800000, 0x0000000100000000)
  region size 1024K, 8 young (8192K), 8 survivors (8192K)
 Metaspace       used 39512K, capacity 40646K, committed 40832K, reserved 1085440K
  class space    used 4756K, capacity 5206K, committed 5248K, reserved 1048576K
}
Event: 6,154 GC heap before
{Heap before GC invocations=11 (full 0):
 garbage-first heap   total 193536K, used 124104K [0x000000008c800000, 0x0000000100000000)
  region size 1024K, 113 young (115712K), 8 survivors (8192K)
 Metaspace       used 48848K, capacity 50201K, committed 50560K, reserved 1093632K
  class space    used 5987K, capacity 6501K, committed 6528K, reserved 1048576K
}
Event: 6,170 GC heap after
{Heap after GC invocations=12 (full 0):
 garbage-first heap   total 193536K, used 20495K [0x000000008c800000, 0x0000000100000000)
  region size 1024K, 11 young (11264K), 11 survivors (11264K)
 Metaspace       used 48848K, capacity 50201K, committed 50560K, reserved 1093632K
  class space    used 5987K, capacity 6501K, committed 6528K, reserved 1048576K
}
Event: 6,923 GC heap before
{Heap before GC invocations=12 (full 0):
 garbage-first heap   total 193536K, used 94223K [0x000000008c800000, 0x0000000100000000)
  region size 1024K, 84 young (86016K), 11 survivors (11264K)
 Metaspace       used 58770K, capacity 60248K, committed 60288K, reserved 1101824K
  class space    used 7543K, capacity 8166K, committed 8192K, reserved 1048576K
}
Event: 6,943 GC heap after
{Heap after GC invocations=13 (full 0):
 garbage-first heap   total 193536K, used 22317K [0x000000008c800000, 0x0000000100000000)
  region size 1024K, 10 young (10240K), 10 survivors (10240K)
 Metaspace       used 58770K, capacity 60248K, committed 60288K, reserved 1101824K
  class space    used 7543K, capacity 8166K, committed 8192K, reserved 1048576K
}
Event: 19,947 GC heap before
{Heap before GC invocations=14 (full 0):
 garbage-first heap   total 193536K, used 127789K [0x000000008c800000, 0x0000000100000000)
  region size 1024K, 113 young (115712K), 10 survivors (10240K)
 Metaspace       used 71214K, capacity 73207K, committed 73420K, reserved 1112064K
  class space    used 9244K, capacity 10070K, committed 10188K, reserved 1048576K
}
Event: 19,995 GC heap after
{Heap after GC invocations=15 (full 0):
 garbage-first heap   total 193536K, used 26820K [0x000000008c800000, 0x0000000100000000)
  region size 1024K, 12 young (12288K), 12 survivors (12288K)
 Metaspace       used 71214K, capacity 73207K, committed 73420K, reserved 1112064K
  class space    used 9244K, capacity 10070K, committed 10188K, reserved 1048576K
}
Event: 1311,176 GC heap before
{Heap before GC invocations=15 (full 0):
 garbage-first heap   total 193536K, used 73924K [0x000000008c800000, 0x0000000100000000)
  region size 1024K, 59 young (60416K), 12 survivors (12288K)
 Metaspace       used 73831K, capacity 75927K, committed 76236K, reserved 1116160K
  class space    used 9536K, capacity 10401K, committed 10444K, reserved 1048576K
}
Event: 1311,806 GC heap after
{Heap after GC invocations=16 (full 1):
 garbage-first heap   total 86016K, used 23859K [0x000000008c800000, 0x0000000100000000)
  region size 1024K, 0 young (0K), 0 survivors (0K)
 Metaspace       used 73831K, capacity 75927K, committed 76236K, reserved 1116160K
  class space    used 9536K, capacity 10401K, committed 10444K, reserved 1048576K
}
Event: 1313,911 GC heap before
{Heap before GC invocations=16 (full 1):
 garbage-first heap   total 86016K, used 65843K [0x000000008c800000, 0x0000000100000000)
  region size 1024K, 41 young (41984K), 0 survivors (0K)
 Metaspace       used 73999K, capacity 76092K, committed 76236K, reserved 1116160K
  class space    used 9540K, capacity 10406K, committed 10444K, reserved 1048576K
}
Event: 1313,926 GC heap after
{Heap after GC invocations=17 (full 1):
 garbage-first heap   total 108544K, used 26931K [0x000000008c800000, 0x0000000100000000)
  region size 1024K, 3 young (3072K), 3 survivors (3072K)
 Metaspace       used 73999K, capacity 76092K, committed 76236K, reserved 1116160K
  class space    used 9540K, capacity 10406K, committed 10444K, reserved 1048576K
}
Event: 1314,822 GC heap before
{Heap before GC invocations=17 (full 1):
 garbage-first heap   total 108544K, used 84275K [0x000000008c800000, 0x0000000100000000)
  region size 1024K, 60 young (61440K), 3 survivors (3072K)
 Metaspace       used 74255K, capacity 76371K, committed 76492K, reserved 1116160K
  class space    used 9545K, capacity 10412K, committed 10444K, reserved 1048576K
}
Event: 1314,828 GC heap after
{Heap after GC invocations=18 (full 1):
 garbage-first heap   total 108544K, used 27955K [0x000000008c800000, 0x0000000100000000)
  region size 1024K, 4 young (4096K), 4 survivors (4096K)
 Metaspace       used 74255K, capacity 76371K, committed 76492K, reserved 1116160K
  class space    used 9545K, capacity 10412K, committed 10444K, reserved 1048576K
}

